14:37:04 **** Incremental Build of configuration Debug for project Noiseux_S ****
make -j8 all 
arm-none-eabi-gcc "../USB_DEVICE/Target/usbd_conf.c" -mcpu=cortex-m3 -std=gnu11 -g3 -DDEBUG -DUSE_HAL_DRIVER -DSTM32F103xB -c -I../Core/Inc -I"/home/lesdebian/Documents/STM32-Session3/Noiseux_S/App/Calculatrice/Inc" -I"/home/lesdebian/Documents/STM32-Session3/Noiseux_S/App/Calculatrice/Src" -I"/home/lesdebian/Documents/STM32-Session3/Noiseux_S/Drivers/TEP- Session 3 kit 1e/Inc" -I"/home/lesdebian/Documents/STM32-Session3/Noiseux_S/Drivers/TEP- Session 3 kit 1e/Src" -I"/home/lesdebian/Documents/STM32-Session3/Noiseux_S/Drivers/TEP- Session 3 kit 1e" -I"/home/lesdebian/Documents/STM32-Session3/Noiseux_S/App" -I../Drivers/STM32F1xx_HAL_Driver/Inc/Legacy -I../Drivers/STM32F1xx_HAL_Driver/Inc -I../Drivers/CMSIS/Device/ST/STM32F1xx/Include -I../Drivers/CMSIS/Include -I../USB_DEVICE/App -I../USB_DEVICE/Target -I../Middlewares/ST/STM32_USB_Device_Library/Core/Inc -I../Middlewares/ST/STM32_USB_Device_Library/Class/CDC/Inc -I"/home/lesdebian/Documents/STM32-Session3/Noiseux_S/Drivers/TEP- Session 3 kit 1e" -I"/home/lesdebian/Documents/STM32-Session3/Noiseux_S/Drivers/TEP- Session 3 kit 1e/Inc" -include"/home/lesdebian/Documents/STM32-Session3/Noiseux_S/Drivers/TEP- Session 3 kit 1e/Inc/calculatrice.h" -include"/home/lesdebian/Documents/STM32-Session3/Noiseux_S/App/Calculatrice/Src/Calculatrice_App.c" -include"/home/lesdebian/Documents/STM32-Session3/Noiseux_S/App/Calculatrice/Inc/Calculatrice_App.h" -O0 -ffunction-sections -fdata-sections -Wall -fstack-usage -fcyclomatic-complexity -MMD -MP -MF"USB_DEVICE/Target/usbd_conf.d" -MT"USB_DEVICE/Target/usbd_conf.o" --specs=nano.specs -mfloat-abi=soft -mthumb -o "USB_DEVICE/Target/usbd_conf.o"
arm-none-eabi-gcc "../USB_DEVICE/App/usb_device.c" -mcpu=cortex-m3 -std=gnu11 -g3 -DDEBUG -DUSE_HAL_DRIVER -DSTM32F103xB -c -I../Core/Inc -I"/home/lesdebian/Documents/STM32-Session3/Noiseux_S/App/Calculatrice/Inc" -I"/home/lesdebian/Documents/STM32-Session3/Noiseux_S/App/Calculatrice/Src" -I"/home/lesdebian/Documents/STM32-Session3/Noiseux_S/Drivers/TEP- Session 3 kit 1e/Inc" -I"/home/lesdebian/Documents/STM32-Session3/Noiseux_S/Drivers/TEP- Session 3 kit 1e/Src" -I"/home/lesdebian/Documents/STM32-Session3/Noiseux_S/Drivers/TEP- Session 3 kit 1e" -I"/home/lesdebian/Documents/STM32-Session3/Noiseux_S/App" -I../Drivers/STM32F1xx_HAL_Driver/Inc/Legacy -I../Drivers/STM32F1xx_HAL_Driver/Inc -I../Drivers/CMSIS/Device/ST/STM32F1xx/Include -I../Drivers/CMSIS/Include -I../USB_DEVICE/App -I../USB_DEVICE/Target -I../Middlewares/ST/STM32_USB_Device_Library/Core/Inc -I../Middlewares/ST/STM32_USB_Device_Library/Class/CDC/Inc -I"/home/lesdebian/Documents/STM32-Session3/Noiseux_S/Drivers/TEP- Session 3 kit 1e" -I"/home/lesdebian/Documents/STM32-Session3/Noiseux_S/Drivers/TEP- Session 3 kit 1e/Inc" -include"/home/lesdebian/Documents/STM32-Session3/Noiseux_S/Drivers/TEP- Session 3 kit 1e/Inc/calculatrice.h" -include"/home/lesdebian/Documents/STM32-Session3/Noiseux_S/App/Calculatrice/Src/Calculatrice_App.c" -include"/home/lesdebian/Documents/STM32-Session3/Noiseux_S/App/Calculatrice/Inc/Calculatrice_App.h" -O0 -ffunction-sections -fdata-sections -Wall -fstack-usage -fcyclomatic-complexity -MMD -MP -MF"USB_DEVICE/App/usb_device.d" -MT"USB_DEVICE/App/usb_device.o" --specs=nano.specs -mfloat-abi=soft -mthumb -o "USB_DEVICE/App/usb_device.o"
arm-none-eabi-gcc "../USB_DEVICE/App/usbd_cdc_if.c" -mcpu=cortex-m3 -std=gnu11 -g3 -DDEBUG -DUSE_HAL_DRIVER -DSTM32F103xB -c -I../Core/Inc -I"/home/lesdebian/Documents/STM32-Session3/Noiseux_S/App/Calculatrice/Inc" -I"/home/lesdebian/Documents/STM32-Session3/Noiseux_S/App/Calculatrice/Src" -I"/home/lesdebian/Documents/STM32-Session3/Noiseux_S/Drivers/TEP- Session 3 kit 1e/Inc" -I"/home/lesdebian/Documents/STM32-Session3/Noiseux_S/Drivers/TEP- Session 3 kit 1e/Src" -I"/home/lesdebian/Documents/STM32-Session3/Noiseux_S/Drivers/TEP- Session 3 kit 1e" -I"/home/lesdebian/Documents/STM32-Session3/Noiseux_S/App" -I../Drivers/STM32F1xx_HAL_Driver/Inc/Legacy -I../Drivers/STM32F1xx_HAL_Driver/Inc -I../Drivers/CMSIS/Device/ST/STM32F1xx/Include -I../Drivers/CMSIS/Include -I../USB_DEVICE/App -I../USB_DEVICE/Target -I../Middlewares/ST/STM32_USB_Device_Library/Core/Inc -I../Middlewares/ST/STM32_USB_Device_Library/Class/CDC/Inc -I"/home/lesdebian/Documents/STM32-Session3/Noiseux_S/Drivers/TEP- Session 3 kit 1e" -I"/home/lesdebian/Documents/STM32-Session3/Noiseux_S/Drivers/TEP- Session 3 kit 1e/Inc" -include"/home/lesdebian/Documents/STM32-Session3/Noiseux_S/Drivers/TEP- Session 3 kit 1e/Inc/calculatrice.h" -include"/home/lesdebian/Documents/STM32-Session3/Noiseux_S/App/Calculatrice/Src/Calculatrice_App.c" -include"/home/lesdebian/Documents/STM32-Session3/Noiseux_S/App/Calculatrice/Inc/Calculatrice_App.h" -O0 -ffunction-sections -fdata-sections -Wall -fstack-usage -fcyclomatic-complexity -MMD -MP -MF"USB_DEVICE/App/usbd_cdc_if.d" -MT"USB_DEVICE/App/usbd_cdc_if.o" --specs=nano.specs -mfloat-abi=soft -mthumb -o "USB_DEVICE/App/usbd_cdc_if.o"
arm-none-eabi-gcc "../USB_DEVICE/App/usbd_desc.c" -mcpu=cortex-m3 -std=gnu11 -g3 -DDEBUG -DUSE_HAL_DRIVER -DSTM32F103xB -c -I../Core/Inc -I"/home/lesdebian/Documents/STM32-Session3/Noiseux_S/App/Calculatrice/Inc" -I"/home/lesdebian/Documents/STM32-Session3/Noiseux_S/App/Calculatrice/Src" -I"/home/lesdebian/Documents/STM32-Session3/Noiseux_S/Drivers/TEP- Session 3 kit 1e/Inc" -I"/home/lesdebian/Documents/STM32-Session3/Noiseux_S/Drivers/TEP- Session 3 kit 1e/Src" -I"/home/lesdebian/Documents/STM32-Session3/Noiseux_S/Drivers/TEP- Session 3 kit 1e" -I"/home/lesdebian/Documents/STM32-Session3/Noiseux_S/App" -I../Drivers/STM32F1xx_HAL_Driver/Inc/Legacy -I../Drivers/STM32F1xx_HAL_Driver/Inc -I../Drivers/CMSIS/Device/ST/STM32F1xx/Include -I../Drivers/CMSIS/Include -I../USB_DEVICE/App -I../USB_DEVICE/Target -I../Middlewares/ST/STM32_USB_Device_Library/Core/Inc -I../Middlewares/ST/STM32_USB_Device_Library/Class/CDC/Inc -I"/home/lesdebian/Documents/STM32-Session3/Noiseux_S/Drivers/TEP- Session 3 kit 1e" -I"/home/lesdebian/Documents/STM32-Session3/Noiseux_S/Drivers/TEP- Session 3 kit 1e/Inc" -include"/home/lesdebian/Documents/STM32-Session3/Noiseux_S/Drivers/TEP- Session 3 kit 1e/Inc/calculatrice.h" -include"/home/lesdebian/Documents/STM32-Session3/Noiseux_S/App/Calculatrice/Src/Calculatrice_App.c" -include"/home/lesdebian/Documents/STM32-Session3/Noiseux_S/App/Calculatrice/Inc/Calculatrice_App.h" -O0 -ffunction-sections -fdata-sections -Wall -fstack-usage -fcyclomatic-complexity -MMD -MP -MF"USB_DEVICE/App/usbd_desc.d" -MT"USB_DEVICE/App/usbd_desc.o" --specs=nano.specs -mfloat-abi=soft -mthumb -o "USB_DEVICE/App/usbd_desc.o"
arm-none-eabi-gcc "../Middlewares/ST/STM32_USB_Device_Library/Core/Src/usbd_core.c" -mcpu=cortex-m3 -std=gnu11 -g3 -DDEBUG -DUSE_HAL_DRIVER -DSTM32F103xB -c -I../Core/Inc -I"/home/lesdebian/Documents/STM32-Session3/Noiseux_S/App/Calculatrice/Inc" -I"/home/lesdebian/Documents/STM32-Session3/Noiseux_S/App/Calculatrice/Src" -I"/home/lesdebian/Documents/STM32-Session3/Noiseux_S/Drivers/TEP- Session 3 kit 1e/Inc" -I"/home/lesdebian/Documents/STM32-Session3/Noiseux_S/Drivers/TEP- Session 3 kit 1e/Src" -I"/home/lesdebian/Documents/STM32-Session3/Noiseux_S/Drivers/TEP- Session 3 kit 1e" -I"/home/lesdebian/Documents/STM32-Session3/Noiseux_S/App" -I../Drivers/STM32F1xx_HAL_Driver/Inc/Legacy -I../Drivers/STM32F1xx_HAL_Driver/Inc -I../Drivers/CMSIS/Device/ST/STM32F1xx/Include -I../Drivers/CMSIS/Include -I../USB_DEVICE/App -I../USB_DEVICE/Target -I../Middlewares/ST/STM32_USB_Device_Library/Core/Inc -I../Middlewares/ST/STM32_USB_Device_Library/Class/CDC/Inc -I"/home/lesdebian/Documents/STM32-Session3/Noiseux_S/Drivers/TEP- Session 3 kit 1e" -I"/home/lesdebian/Documents/STM32-Session3/Noiseux_S/Drivers/TEP- Session 3 kit 1e/Inc" -include"/home/lesdebian/Documents/STM32-Session3/Noiseux_S/Drivers/TEP- Session 3 kit 1e/Inc/calculatrice.h" -include"/home/lesdebian/Documents/STM32-Session3/Noiseux_S/App/Calculatrice/Src/Calculatrice_App.c" -include"/home/lesdebian/Documents/STM32-Session3/Noiseux_S/App/Calculatrice/Inc/Calculatrice_App.h" -O0 -ffunction-sections -fdata-sections -Wall -fstack-usage -fcyclomatic-complexity -MMD -MP -MF"Middlewares/ST/STM32_USB_Device_Library/Core/Src/usbd_core.d" -MT"Middlewares/ST/STM32_USB_Device_Library/Core/Src/usbd_core.o" --specs=nano.specs -mfloat-abi=soft -mthumb -o "Middlewares/ST/STM32_USB_Device_Library/Core/Src/usbd_core.o"
arm-none-eabi-gcc "../Middlewares/ST/STM32_USB_Device_Library/Core/Src/usbd_ctlreq.c" -mcpu=cortex-m3 -std=gnu11 -g3 -DDEBUG -DUSE_HAL_DRIVER -DSTM32F103xB -c -I../Core/Inc -I"/home/lesdebian/Documents/STM32-Session3/Noiseux_S/App/Calculatrice/Inc" -I"/home/lesdebian/Documents/STM32-Session3/Noiseux_S/App/Calculatrice/Src" -I"/home/lesdebian/Documents/STM32-Session3/Noiseux_S/Drivers/TEP- Session 3 kit 1e/Inc" -I"/home/lesdebian/Documents/STM32-Session3/Noiseux_S/Drivers/TEP- Session 3 kit 1e/Src" -I"/home/lesdebian/Documents/STM32-Session3/Noiseux_S/Drivers/TEP- Session 3 kit 1e" -I"/home/lesdebian/Documents/STM32-Session3/Noiseux_S/App" -I../Drivers/STM32F1xx_HAL_Driver/Inc/Legacy -I../Drivers/STM32F1xx_HAL_Driver/Inc -I../Drivers/CMSIS/Device/ST/STM32F1xx/Include -I../Drivers/CMSIS/Include -I../USB_DEVICE/App -I../USB_DEVICE/Target -I../Middlewares/ST/STM32_USB_Device_Library/Core/Inc -I../Middlewares/ST/STM32_USB_Device_Library/Class/CDC/Inc -I"/home/lesdebian/Documents/STM32-Session3/Noiseux_S/Drivers/TEP- Session 3 kit 1e" -I"/home/lesdebian/Documents/STM32-Session3/Noiseux_S/Drivers/TEP- Session 3 kit 1e/Inc" -include"/home/lesdebian/Documents/STM32-Session3/Noiseux_S/Drivers/TEP- Session 3 kit 1e/Inc/calculatrice.h" -include"/home/lesdebian/Documents/STM32-Session3/Noiseux_S/App/Calculatrice/Src/Calculatrice_App.c" -include"/home/lesdebian/Documents/STM32-Session3/Noiseux_S/App/Calculatrice/Inc/Calculatrice_App.h" -O0 -ffunction-sections -fdata-sections -Wall -fstack-usage -fcyclomatic-complexity -MMD -MP -MF"Middlewares/ST/STM32_USB_Device_Library/Core/Src/usbd_ctlreq.d" -MT"Middlewares/ST/STM32_USB_Device_Library/Core/Src/usbd_ctlreq.o" --specs=nano.specs -mfloat-abi=soft -mthumb -o "Middlewares/ST/STM32_USB_Device_Library/Core/Src/usbd_ctlreq.o"
arm-none-eabi-gcc "../Middlewares/ST/STM32_USB_Device_Library/Core/Src/usbd_ioreq.c" -mcpu=cortex-m3 -std=gnu11 -g3 -DDEBUG -DUSE_HAL_DRIVER -DSTM32F103xB -c -I../Core/Inc -I"/home/lesdebian/Documents/STM32-Session3/Noiseux_S/App/Calculatrice/Inc" -I"/home/lesdebian/Documents/STM32-Session3/Noiseux_S/App/Calculatrice/Src" -I"/home/lesdebian/Documents/STM32-Session3/Noiseux_S/Drivers/TEP- Session 3 kit 1e/Inc" -I"/home/lesdebian/Documents/STM32-Session3/Noiseux_S/Drivers/TEP- Session 3 kit 1e/Src" -I"/home/lesdebian/Documents/STM32-Session3/Noiseux_S/Drivers/TEP- Session 3 kit 1e" -I"/home/lesdebian/Documents/STM32-Session3/Noiseux_S/App" -I../Drivers/STM32F1xx_HAL_Driver/Inc/Legacy -I../Drivers/STM32F1xx_HAL_Driver/Inc -I../Drivers/CMSIS/Device/ST/STM32F1xx/Include -I../Drivers/CMSIS/Include -I../USB_DEVICE/App -I../USB_DEVICE/Target -I../Middlewares/ST/STM32_USB_Device_Library/Core/Inc -I../Middlewares/ST/STM32_USB_Device_Library/Class/CDC/Inc -I"/home/lesdebian/Documents/STM32-Session3/Noiseux_S/Drivers/TEP- Session 3 kit 1e" -I"/home/lesdebian/Documents/STM32-Session3/Noiseux_S/Drivers/TEP- Session 3 kit 1e/Inc" -include"/home/lesdebian/Documents/STM32-Session3/Noiseux_S/Drivers/TEP- Session 3 kit 1e/Inc/calculatrice.h" -include"/home/lesdebian/Documents/STM32-Session3/Noiseux_S/App/Calculatrice/Src/Calculatrice_App.c" -include"/home/lesdebian/Documents/STM32-Session3/Noiseux_S/App/Calculatrice/Inc/Calculatrice_App.h" -O0 -ffunction-sections -fdata-sections -Wall -fstack-usage -fcyclomatic-complexity -MMD -MP -MF"Middlewares/ST/STM32_USB_Device_Library/Core/Src/usbd_ioreq.d" -MT"Middlewares/ST/STM32_USB_Device_Library/Core/Src/usbd_ioreq.o" --specs=nano.specs -mfloat-abi=soft -mthumb -o "Middlewares/ST/STM32_USB_Device_Library/Core/Src/usbd_ioreq.o"
arm-none-eabi-gcc "../Middlewares/ST/STM32_USB_Device_Library/Class/CDC/Src/usbd_cdc.c" -mcpu=cortex-m3 -std=gnu11 -g3 -DDEBUG -DUSE_HAL_DRIVER -DSTM32F103xB -c -I../Core/Inc -I"/home/lesdebian/Documents/STM32-Session3/Noiseux_S/App/Calculatrice/Inc" -I"/home/lesdebian/Documents/STM32-Session3/Noiseux_S/App/Calculatrice/Src" -I"/home/lesdebian/Documents/STM32-Session3/Noiseux_S/Drivers/TEP- Session 3 kit 1e/Inc" -I"/home/lesdebian/Documents/STM32-Session3/Noiseux_S/Drivers/TEP- Session 3 kit 1e/Src" -I"/home/lesdebian/Documents/STM32-Session3/Noiseux_S/Drivers/TEP- Session 3 kit 1e" -I"/home/lesdebian/Documents/STM32-Session3/Noiseux_S/App" -I../Drivers/STM32F1xx_HAL_Driver/Inc/Legacy -I../Drivers/STM32F1xx_HAL_Driver/Inc -I../Drivers/CMSIS/Device/ST/STM32F1xx/Include -I../Drivers/CMSIS/Include -I../USB_DEVICE/App -I../USB_DEVICE/Target -I../Middlewares/ST/STM32_USB_Device_Library/Core/Inc -I../Middlewares/ST/STM32_USB_Device_Library/Class/CDC/Inc -I"/home/lesdebian/Documents/STM32-Session3/Noiseux_S/Drivers/TEP- Session 3 kit 1e" -I"/home/lesdebian/Documents/STM32-Session3/Noiseux_S/Drivers/TEP- Session 3 kit 1e/Inc" -include"/home/lesdebian/Documents/STM32-Session3/Noiseux_S/Drivers/TEP- Session 3 kit 1e/Inc/calculatrice.h" -include"/home/lesdebian/Documents/STM32-Session3/Noiseux_S/App/Calculatrice/Src/Calculatrice_App.c" -include"/home/lesdebian/Documents/STM32-Session3/Noiseux_S/App/Calculatrice/Inc/Calculatrice_App.h" -O0 -ffunction-sections -fdata-sections -Wall -fstack-usage -fcyclomatic-complexity -MMD -MP -MF"Middlewares/ST/STM32_USB_Device_Library/Class/CDC/Src/usbd_cdc.d" -MT"Middlewares/ST/STM32_USB_Device_Library/Class/CDC/Src/usbd_cdc.o" --specs=nano.specs -mfloat-abi=soft -mthumb -o "Middlewares/ST/STM32_USB_Device_Library/Class/CDC/Src/usbd_cdc.o"
In file included from <command-line>:
/home/lesdebian/Documents/STM32-Session3/Noiseux_S/App/Calculatrice/Src/Calculatrice_App.c:2:10: fatal error: Calculatrice.h: No such file or directory
    2 | #include "Calculatrice.h"
      |          ^~~~~~~~~~~~~~~~
In file included from <command-line>:
/home/lesdebian/Documents/STM32-Session3/Noiseux_S/App/Calculatrice/Src/Calculatrice_App.c:2:10: fatal error: Calculatrice.h: No such file or directory
    2 | #include "Calculatrice.h"
      |          ^~~~~~~~~~~~~~~~
compilation terminated.
In file included from <command-line>:
/home/lesdebian/Documents/STM32-Session3/Noiseux_S/App/Calculatrice/Src/Calculatrice_App.c:2:10: fatal error: Calculatrice.h: No such file or directory
    2 | #include "Calculatrice.h"
      |          ^~~~~~~~~~~~~~~~
compilation terminated.
compilation terminated.
make: *** [USB_DEVICE/App/subdir.mk:25: USB_DEVICE/App/usbd_cdc_if.o] Error 1
make: *** Waiting for unfinished jobs....
In file included from <command-line>:
/home/lesdebian/Documents/STM32-Session3/Noiseux_S/App/Calculatrice/Src/Calculatrice_App.c:2:10: fatal error: Calculatrice.h: No such file or directory
    2 | #include "Calculatrice.h"
      |          ^~~~~~~~~~~~~~~~
compilation terminated.
make: *** [USB_DEVICE/Target/subdir.mk:19: USB_DEVICE/Target/usbd_conf.o] Error 1
make: *** [USB_DEVICE/App/subdir.mk:25: USB_DEVICE/App/usb_device.o] Error 1
make: *** [USB_DEVICE/App/subdir.mk:25: USB_DEVICE/App/usbd_desc.o] Error 1
In file included from <command-line>:
/home/lesdebian/Documents/STM32-Session3/Noiseux_S/App/Calculatrice/Src/Calculatrice_App.c:2:10: fatal error: Calculatrice.h: No such file or directory
    2 | #include "Calculatrice.h"
      |          ^~~~~~~~~~~~~~~~
compilation terminated.
make: *** [Middlewares/ST/STM32_USB_Device_Library/Core/Src/subdir.mk:25: Middlewares/ST/STM32_USB_Device_Library/Core/Src/usbd_core.o] Error 1
In file included from <command-line>:
/home/lesdebian/Documents/STM32-Session3/Noiseux_S/App/Calculatrice/Src/Calculatrice_App.c:2:10: fatal error: Calculatrice.h: No such file or directory
    2 | #include "Calculatrice.h"
      |          ^~~~~~~~~~~~~~~~
compilation terminated.
In file included from <command-line>:
/home/lesdebian/Documents/STM32-Session3/Noiseux_S/App/Calculatrice/Src/Calculatrice_App.c:2:10: fatal error: Calculatrice.h: No such file or directory
    2 | #include "Calculatrice.h"
      |          ^~~~~~~~~~~~~~~~
compilation terminated.
In file included from <command-line>:
/home/lesdebian/Documents/STM32-Session3/Noiseux_S/App/Calculatrice/Src/Calculatrice_App.c:2:10: fatal error: Calculatrice.h: No such file or directory
    2 | #include "Calculatrice.h"
      |          ^~~~~~~~~~~~~~~~
compilation terminated.
make: *** [Middlewares/ST/STM32_USB_Device_Library/Core/Src/subdir.mk:25: Middlewares/ST/STM32_USB_Device_Library/Core/Src/usbd_ctlreq.o] Error 1
make: *** [Middlewares/ST/STM32_USB_Device_Library/Core/Src/subdir.mk:25: Middlewares/ST/STM32_USB_Device_Library/Core/Src/usbd_ioreq.o] Error 1
make: *** [Middlewares/ST/STM32_USB_Device_Library/Class/CDC/Src/subdir.mk:19: Middlewares/ST/STM32_USB_Device_Library/Class/CDC/Src/usbd_cdc.o] Error 1
"make -j8 all" terminated with exit code 2. Build might be incomplete.

14:37:04 Build Failed. 17 errors, 0 warnings. (took 121ms)

